{"contracts/NftMarketplace.sol":{"l":{"22":13,"24":13,"25":1,"27":12,"34":17,"35":17,"36":17,"37":3,"39":14,"43":9,"45":9,"46":3,"48":6,"84":11,"85":0,"87":11,"89":11,"90":1,"93":10,"95":10,"104":3,"106":3,"107":1,"109":2,"110":2,"111":2,"112":2,"120":1,"121":1,"129":1,"130":1,"134":2,"135":2,"136":1,"138":1,"139":1,"140":1,"141":0,"150":3,"154":2},"path":"/Users/ljz/playground/contract_nftmarket/contracts/NftMarketplace.sol","s":{"1":13,"2":13,"3":17,"4":17,"5":17,"6":9,"7":9,"8":11,"9":11,"10":11,"11":10,"12":3,"13":3,"14":2,"15":2,"16":1,"17":1,"18":2,"19":2,"20":1,"21":1,"22":3,"23":2},"b":{"1":[1,12],"2":[3,14],"3":[3,6],"4":[12,1],"5":[11,1],"6":[0,11],"7":[1,10],"8":[4,0],"9":[3,1],"10":[1,2],"11":[2,1],"12":[1,1],"13":[2,1],"14":[1,1],"15":[1,1],"16":[0,1]},"f":{"1":13,"2":17,"3":9,"4":11,"5":3,"6":1,"7":1,"8":2,"9":3,"10":2},"fnMap":{"1":{"name":"notListed","line":21,"loc":{"start":{"line":21,"column":4},"end":{"line":28,"column":4}}},"2":{"name":"isOwner","line":29,"loc":{"start":{"line":29,"column":4},"end":{"line":40,"column":4}}},"3":{"name":"isListed","line":42,"loc":{"start":{"line":42,"column":4},"end":{"line":49,"column":4}}},"4":{"name":"listItem","line":82,"loc":{"start":{"line":78,"column":4},"end":{"line":96,"column":4}}},"5":{"name":"buyItem","line":102,"loc":{"start":{"line":98,"column":4},"end":{"line":113,"column":4}}},"6":{"name":"cancelListing","line":118,"loc":{"start":{"line":115,"column":4},"end":{"line":122,"column":4}}},"7":{"name":"updateListing","line":128,"loc":{"start":{"line":124,"column":4},"end":{"line":131,"column":4}}},"8":{"name":"withdrawProceeds","line":133,"loc":{"start":{"line":133,"column":4},"end":{"line":143,"column":4}}},"9":{"name":"getListing","line":145,"loc":{"start":{"line":145,"column":4},"end":{"line":151,"column":4}}},"10":{"name":"getProceeds","line":153,"loc":{"start":{"line":153,"column":4},"end":{"line":155,"column":4}}}},"statementMap":{"1":{"start":{"line":22,"column":8},"end":{"line":22,"column":64}},"2":{"start":{"line":24,"column":8},"end":{"line":24,"column":954}},"3":{"start":{"line":34,"column":8},"end":{"line":34,"column":41}},"4":{"start":{"line":35,"column":8},"end":{"line":35,"column":44}},"5":{"start":{"line":36,"column":8},"end":{"line":36,"column":1280}},"6":{"start":{"line":43,"column":8},"end":{"line":43,"column":64}},"7":{"start":{"line":45,"column":8},"end":{"line":45,"column":1514}},"8":{"start":{"line":84,"column":8},"end":{"line":84,"column":2567}},"9":{"start":{"line":87,"column":8},"end":{"line":87,"column":41}},"10":{"start":{"line":89,"column":8},"end":{"line":89,"column":2705}},"11":{"start":{"line":95,"column":8},"end":{"line":95,"column":63}},"12":{"start":{"line":104,"column":8},"end":{"line":104,"column":67}},"13":{"start":{"line":106,"column":8},"end":{"line":106,"column":3205}},"14":{"start":{"line":111,"column":8},"end":{"line":111,"column":83}},"15":{"start":{"line":112,"column":8},"end":{"line":112,"column":74}},"16":{"start":{"line":121,"column":8},"end":{"line":121,"column":58}},"17":{"start":{"line":130,"column":8},"end":{"line":130,"column":66}},"18":{"start":{"line":134,"column":8},"end":{"line":134,"column":49}},"19":{"start":{"line":135,"column":8},"end":{"line":135,"column":4359}},"20":{"start":{"line":139,"column":8},"end":{"line":139,"column":72}},"21":{"start":{"line":140,"column":8},"end":{"line":140,"column":4556}},"22":{"start":{"line":150,"column":8},"end":{"line":150,"column":46}},"23":{"start":{"line":154,"column":8},"end":{"line":154,"column":33}}},"branchMap":{"1":{"line":24,"type":"if","locations":[{"start":{"line":24,"column":8},"end":{"line":24,"column":8}},{"start":{"line":24,"column":8},"end":{"line":24,"column":8}}]},"2":{"line":36,"type":"if","locations":[{"start":{"line":36,"column":8},"end":{"line":36,"column":8}},{"start":{"line":36,"column":8},"end":{"line":36,"column":8}}]},"3":{"line":45,"type":"if","locations":[{"start":{"line":45,"column":8},"end":{"line":45,"column":8}},{"start":{"line":45,"column":8},"end":{"line":45,"column":8}}]},"4":{"line":82,"type":"if","locations":[{"start":{"line":82,"column":15},"end":{"line":82,"column":15}},{"start":{"line":82,"column":15},"end":{"line":82,"column":15}}]},"5":{"line":82,"type":"if","locations":[{"start":{"line":82,"column":46},"end":{"line":82,"column":46}},{"start":{"line":82,"column":46},"end":{"line":82,"column":46}}]},"6":{"line":84,"type":"if","locations":[{"start":{"line":84,"column":8},"end":{"line":84,"column":8}},{"start":{"line":84,"column":8},"end":{"line":84,"column":8}}]},"7":{"line":89,"type":"if","locations":[{"start":{"line":89,"column":8},"end":{"line":89,"column":8}},{"start":{"line":89,"column":8},"end":{"line":89,"column":8}}]},"8":{"line":101,"type":"if","locations":[{"start":{"line":101,"column":8},"end":{"line":101,"column":8}},{"start":{"line":101,"column":8},"end":{"line":101,"column":8}}]},"9":{"line":102,"type":"if","locations":[{"start":{"line":102,"column":8},"end":{"line":102,"column":8}},{"start":{"line":102,"column":8},"end":{"line":102,"column":8}}]},"10":{"line":106,"type":"if","locations":[{"start":{"line":106,"column":8},"end":{"line":106,"column":8}},{"start":{"line":106,"column":8},"end":{"line":106,"column":8}}]},"11":{"line":117,"type":"if","locations":[{"start":{"line":117,"column":8},"end":{"line":117,"column":8}},{"start":{"line":117,"column":8},"end":{"line":117,"column":8}}]},"12":{"line":118,"type":"if","locations":[{"start":{"line":118,"column":8},"end":{"line":118,"column":8}},{"start":{"line":118,"column":8},"end":{"line":118,"column":8}}]},"13":{"line":128,"type":"if","locations":[{"start":{"line":128,"column":15},"end":{"line":128,"column":15}},{"start":{"line":128,"column":15},"end":{"line":128,"column":15}}]},"14":{"line":128,"type":"if","locations":[{"start":{"line":128,"column":45},"end":{"line":128,"column":45}},{"start":{"line":128,"column":45},"end":{"line":128,"column":45}}]},"15":{"line":135,"type":"if","locations":[{"start":{"line":135,"column":8},"end":{"line":135,"column":8}},{"start":{"line":135,"column":8},"end":{"line":135,"column":8}}]},"16":{"line":140,"type":"if","locations":[{"start":{"line":140,"column":8},"end":{"line":140,"column":8}},{"start":{"line":140,"column":8},"end":{"line":140,"column":8}}]}}},"contracts/test/BasicNft.sol":{"l":{"14":3,"18":15,"19":15,"20":15,"24":0,"25":0,"29":0},"path":"/Users/ljz/playground/contract_nftmarket/contracts/test/BasicNft.sol","s":{"1":15,"2":15,"3":0,"4":0,"5":0},"b":{"1":[0,0]},"f":{"1":3,"2":15,"3":0,"4":0},"fnMap":{"1":{"name":"constructor","line":13,"loc":{"start":{"line":13,"column":4},"end":{"line":15,"column":4}}},"2":{"name":"mintNft","line":17,"loc":{"start":{"line":17,"column":4},"end":{"line":21,"column":4}}},"3":{"name":"tokenURI","line":23,"loc":{"start":{"line":23,"column":4},"end":{"line":26,"column":4}}},"4":{"name":"getTokenCounter","line":28,"loc":{"start":{"line":28,"column":4},"end":{"line":30,"column":4}}}},"statementMap":{"1":{"start":{"line":18,"column":8},"end":{"line":18,"column":44}},"2":{"start":{"line":19,"column":8},"end":{"line":19,"column":38}},"3":{"start":{"line":24,"column":8},"end":{"line":24,"column":83}},"4":{"start":{"line":25,"column":8},"end":{"line":25,"column":24}},"5":{"start":{"line":29,"column":8},"end":{"line":29,"column":29}}},"branchMap":{"1":{"line":24,"type":"if","locations":[{"start":{"line":24,"column":8},"end":{"line":24,"column":8}},{"start":{"line":24,"column":8},"end":{"line":24,"column":8}}]}}},"contracts/test/BasicNftTwo.sol":{"l":{"13":3,"17":0,"18":0,"19":0,"23":0,"24":0,"28":0},"path":"/Users/ljz/playground/contract_nftmarket/contracts/test/BasicNftTwo.sol","s":{"1":0,"2":0,"3":0,"4":0,"5":0},"b":{"1":[0,0]},"f":{"1":3,"2":0,"3":0,"4":0},"fnMap":{"1":{"name":"constructor","line":12,"loc":{"start":{"line":12,"column":4},"end":{"line":14,"column":4}}},"2":{"name":"mintNft","line":16,"loc":{"start":{"line":16,"column":4},"end":{"line":20,"column":4}}},"3":{"name":"tokenURI","line":22,"loc":{"start":{"line":22,"column":4},"end":{"line":25,"column":4}}},"4":{"name":"getTokenCounter","line":27,"loc":{"start":{"line":27,"column":4},"end":{"line":29,"column":4}}}},"statementMap":{"1":{"start":{"line":17,"column":8},"end":{"line":17,"column":44}},"2":{"start":{"line":18,"column":8},"end":{"line":18,"column":38}},"3":{"start":{"line":23,"column":8},"end":{"line":23,"column":83}},"4":{"start":{"line":24,"column":8},"end":{"line":24,"column":24}},"5":{"start":{"line":28,"column":8},"end":{"line":28,"column":29}}},"branchMap":{"1":{"line":23,"type":"if","locations":[{"start":{"line":23,"column":8},"end":{"line":23,"column":8}},{"start":{"line":23,"column":8},"end":{"line":23,"column":8}}]}}}}