TN:
SF:/Users/ljz/playground/contract_nftmarket/contracts/NftMarketplace.sol
FN:21,notListed
FN:29,isOwner
FN:42,isListed
FN:82,listItem
FN:102,buyItem
FN:118,cancelListing
FN:128,updateListing
FN:133,withdrawProceeds
FN:145,getListing
FN:153,getProceeds
FNF:10
FNH:10
FNDA:13,notListed
FNDA:17,isOwner
FNDA:9,isListed
FNDA:11,listItem
FNDA:3,buyItem
FNDA:1,cancelListing
FNDA:1,updateListing
FNDA:2,withdrawProceeds
FNDA:3,getListing
FNDA:2,getProceeds
DA:22,13
DA:24,13
DA:25,1
DA:27,12
DA:34,17
DA:35,17
DA:36,17
DA:37,3
DA:39,14
DA:43,9
DA:45,9
DA:46,3
DA:48,6
DA:84,11
DA:85,0
DA:87,11
DA:89,11
DA:90,1
DA:93,10
DA:95,10
DA:104,3
DA:106,3
DA:107,1
DA:109,2
DA:110,2
DA:111,2
DA:112,2
DA:120,1
DA:121,1
DA:129,1
DA:130,1
DA:134,2
DA:135,2
DA:136,1
DA:138,1
DA:139,1
DA:140,1
DA:141,0
DA:150,3
DA:154,2
LF:40
LH:38
BRDA:24,1,0,1
BRDA:24,1,1,12
BRDA:36,2,0,3
BRDA:36,2,1,14
BRDA:45,3,0,3
BRDA:45,3,1,6
BRDA:82,4,0,12
BRDA:82,4,1,1
BRDA:82,5,0,11
BRDA:82,5,1,1
BRDA:84,6,0,0
BRDA:84,6,1,11
BRDA:89,7,0,1
BRDA:89,7,1,10
BRDA:101,8,0,4
BRDA:101,8,1,0
BRDA:102,9,0,3
BRDA:102,9,1,1
BRDA:106,10,0,1
BRDA:106,10,1,2
BRDA:117,11,0,2
BRDA:117,11,1,1
BRDA:118,12,0,1
BRDA:118,12,1,1
BRDA:128,13,0,2
BRDA:128,13,1,1
BRDA:128,14,0,1
BRDA:128,14,1,1
BRDA:135,15,0,1
BRDA:135,15,1,1
BRDA:140,16,0,0
BRDA:140,16,1,1
BRF:32
BRH:29
end_of_record
TN:
SF:/Users/ljz/playground/contract_nftmarket/contracts/test/BasicNft.sol
FN:13,constructor
FN:17,mintNft
FN:23,tokenURI
FN:28,getTokenCounter
FNF:4
FNH:2
FNDA:3,constructor
FNDA:15,mintNft
FNDA:0,tokenURI
FNDA:0,getTokenCounter
DA:14,3
DA:18,15
DA:19,15
DA:20,15
DA:24,0
DA:25,0
DA:29,0
LF:7
LH:4
BRDA:24,1,0,0
BRDA:24,1,1,0
BRF:2
BRH:0
end_of_record
TN:
SF:/Users/ljz/playground/contract_nftmarket/contracts/test/BasicNftTwo.sol
FN:12,constructor
FN:16,mintNft
FN:22,tokenURI
FN:27,getTokenCounter
FNF:4
FNH:1
FNDA:3,constructor
FNDA:0,mintNft
FNDA:0,tokenURI
FNDA:0,getTokenCounter
DA:13,3
DA:17,0
DA:18,0
DA:19,0
DA:23,0
DA:24,0
DA:28,0
LF:7
LH:1
BRDA:23,1,0,0
BRDA:23,1,1,0
BRF:2
BRH:0
end_of_record
